<?xml version="1.0" encoding="UTF-8"?>
<robot generator="Robot 7.4.2 (Python 3.13.1 on win32)" generated="2026-06-20T23:02:38.421359" rpa="false" schemaversion="5">
<suite id="s1" name="Test" source="C:\Users\mark\AppData\Local\Temp\tmptiwl61qa\test.robot">
<test id="s1-t1" name="TC01 - 正常登入成功" line="14">
<kw name="Fill In Login Form">
<kw name="Open Login Page">
<kw name="New Browser" owner="Browser">
<msg time="2026-06-20T23:02:38.674124" level="INFO">{"browser": "chromium", "headless": true, "chromiumSandbox": false, "devtools": false, "handleSIGHUP": true, "handleSIGINT": true, "handleSIGTERM": true, "slowMo": 0.0, "timeout": 30000.0, "tracesDir": "C:\\Users\\mark\\AppData\\Local\\Temp\\tmptiwl61qa\\browser\\traces\\temp\\f64d6d56-2960-4958-b004-77413452890e"}</msg>
<msg time="2026-06-20T23:02:38.695597" level="INFO">Starting Browser process C:\Users\mark\Desktop\AI_Auto_test\automatic_test\backend\.venv\Lib\site-packages\Browser\wrapper\index.js using at 127.0.0.1:53817</msg>
<msg time="2026-06-20T23:02:39.292941" level="INFO">Successfully created browser with options: {"browser":"chromium","headless":true,"chromiumSandbox":false,"devtools":false,"handleSIGHUP":true,"handleSIGINT":true,"handleSIGTERM":true,"slowMo":0,"timeout":30000,"tracesDir":"C:\\Users\\mark\\AppData\\Local\\Temp\\tmptiwl61qa\\browser\\traces\\temp\\f64d6d56-2960-4958-b004-77413452890e"}</msg>
<arg>chromium</arg>
<arg>headless=True</arg>
<tag>BrowserControl</tag>
<tag>Setter</tag>
<doc>Create a new playwright Browser with specified options.</doc>
<status status="PASS" start="2026-06-20T23:02:38.673537" elapsed="0.619666"/>
</kw>
<kw name="New Context" owner="Browser">
<msg time="2026-06-20T23:02:39.295684" level="INFO">{
  "acceptDownloads": true,
  "bypassCSP": false,
  "forcedColors": "none",
  "ignoreHTTPSErrors": false,
  "javaScriptEnabled": true,
  "offline": false,
  "reducedMotion": "no-preference",
  "serviceWorkers": "allow",
  "viewport": {
    "width": 1280,
    "height": 720
  }
}</msg>
<msg time="2026-06-20T23:02:39.309578" level="INFO">Successfully created context. </msg>
<msg time="2026-06-20T23:02:39.309649" level="INFO">{'acceptDownloads': True, 'bypassCSP': False, 'forcedColors': 'none', 'ignoreHTTPSErrors': False, 'javaScriptEnabled': True, 'offline': False, 'reducedMotion': 'no-preference', 'serviceWorkers': 'allow', 'viewport': {'width': 1280, 'height': 720}}</msg>
<tag>BrowserControl</tag>
<tag>Setter</tag>
<doc>Create a new BrowserContext with specified options.</doc>
<status status="PASS" start="2026-06-20T23:02:39.293495" elapsed="0.016231"/>
</kw>
<kw name="New Page" owner="Browser">
<msg time="2026-06-20T23:02:40.350357" level="INFO">Successfully initialized new page object and opened url: https://practicetestautomation.com/practice-test-login/</msg>
<arg>${BASE_URL}</arg>
<tag>BrowserControl</tag>
<tag>Setter</tag>
<doc>Open a new Page.</doc>
<status status="PASS" start="2026-06-20T23:02:39.309881" elapsed="1.040688"/>
</kw>
<doc>開啟瀏覽器並導向登入頁面</doc>
<status status="PASS" start="2026-06-20T23:02:38.673036" elapsed="1.677668"/>
</kw>
<kw name="Fill Text" owner="Browser">
<msg time="2026-06-20T23:02:40.351284" level="INFO">Fills the text 'student' in the given field.</msg>
<arg>id=username</arg>
<arg>${username}</arg>
<tag>PageContent</tag>
<tag>Setter</tag>
<doc>Clears and fills the given ``txt`` into the text field found by ``selector``.</doc>
<status status="PASS" start="2026-06-20T23:02:40.350834" elapsed="0.029633"/>
</kw>
<kw name="Fill Text" owner="Browser">
<msg time="2026-06-20T23:02:40.381057" level="INFO">Fills the text 'Password123' in the given field.</msg>
<arg>id=password</arg>
<arg>${password}</arg>
<tag>PageContent</tag>
<tag>Setter</tag>
<doc>Clears and fills the given ``txt`` into the text field found by ``selector``.</doc>
<status status="PASS" start="2026-06-20T23:02:40.380628" elapsed="0.008312"/>
</kw>
<kw name="Click" owner="Browser">
<msg time="2026-06-20T23:02:40.389495" level="INFO">Clicks the element 'id=submit'.</msg>
<arg>id=submit</arg>
<tag>PageContent</tag>
<tag>Setter</tag>
<doc>Simulates mouse click on the element found by ``selector``.</doc>
<status status="PASS" start="2026-06-20T23:02:40.389099" elapsed="1.106641"/>
</kw>
<arg>${USERNAME}</arg>
<arg>${PASSWORD}</arg>
<doc>填寫登入表單並送出</doc>
<status status="PASS" start="2026-06-20T23:02:38.672620" elapsed="2.823296"/>
</kw>
<kw name="Wait For Elements State" owner="Browser">
<msg time="2026-06-20T23:02:41.521380" level="INFO">Waited for Element with selector text=Logged In Successfully at state visible</msg>
<arg>text=Logged In Successfully</arg>
<arg>visible</arg>
<tag>PageContent</tag>
<tag>Wait</tag>
<doc>Waits for the element found by ``selector`` to satisfy state option.</doc>
<status status="PASS" start="2026-06-20T23:02:41.496121" elapsed="0.025388"/>
</kw>
<kw name="Wait For Elements State" owner="Browser">
<msg time="2026-06-20T23:02:41.526961" level="INFO">Waited for Element with selector text=Log out at state visible</msg>
<arg>text=Log out</arg>
<arg>visible</arg>
<tag>PageContent</tag>
<tag>Wait</tag>
<doc>Waits for the element found by ``selector`` to satisfy state option.</doc>
<status status="PASS" start="2026-06-20T23:02:41.521659" elapsed="0.005513"/>
</kw>
<kw name="Close Login Page" type="TEARDOWN">
<kw name="Close Browser" owner="Browser">
<msg time="2026-06-20T23:02:41.583240" level="INFO">Closed browser</msg>
<tag>BrowserControl</tag>
<tag>Setter</tag>
<doc>Closes the current browser.</doc>
<status status="PASS" start="2026-06-20T23:02:41.527958" elapsed="0.055410"/>
</kw>
<doc>關閉瀏覽器</doc>
<status status="PASS" start="2026-06-20T23:02:41.527553" elapsed="0.055903"/>
</kw>
<doc>使用正確帳號與密碼登入，驗證成功進入後台頁面</doc>
<tag>login</tag>
<tag>positive</tag>
<status status="PASS" start="2026-06-20T23:02:38.671469" elapsed="2.912037"/>
</test>
<test id="s1-t2" name="TC02 - 錯誤帳號登入失敗" line="21">
<kw name="Fill In Login Form">
<kw name="Open Login Page">
<kw name="New Browser" owner="Browser">
<msg time="2026-06-20T23:02:41.593576" level="INFO">{"browser": "chromium", "headless": true, "chromiumSandbox": false, "devtools": false, "handleSIGHUP": true, "handleSIGINT": true, "handleSIGTERM": true, "slowMo": 0.0, "timeout": 30000.0, "tracesDir": "C:\\Users\\mark\\AppData\\Local\\Temp\\tmptiwl61qa\\browser\\traces\\temp\\6b9c9e30-b2b5-4cbe-b05c-e72e78166068"}</msg>
<msg time="2026-06-20T23:02:41.651327" level="INFO">Successfully created browser with options: {"browser":"chromium","headless":true,"chromiumSandbox":false,"devtools":false,"handleSIGHUP":true,"handleSIGINT":true,"handleSIGTERM":true,"slowMo":0,"timeout":30000,"tracesDir":"C:\\Users\\mark\\AppData\\Local\\Temp\\tmptiwl61qa\\browser\\traces\\temp\\6b9c9e30-b2b5-4cbe-b05c-e72e78166068"}</msg>
<arg>chromium</arg>
<arg>headless=True</arg>
<tag>BrowserControl</tag>
<tag>Setter</tag>
<doc>Create a new playwright Browser with specified options.</doc>
<status status="PASS" start="2026-06-20T23:02:41.593066" elapsed="0.058495"/>
</kw>
<kw name="New Context" owner="Browser">
<msg time="2026-06-20T23:02:41.652977" level="INFO">{
  "acceptDownloads": true,
  "bypassCSP": false,
  "forcedColors": "none",
  "ignoreHTTPSErrors": false,
  "javaScriptEnabled": true,
  "offline": false,
  "reducedMotion": "no-preference",
  "serviceWorkers": "allow",
  "viewport": {
    "width": 1280,
    "height": 720
  }
}</msg>
<msg time="2026-06-20T23:02:41.659044" level="INFO">Successfully created context. </msg>
<msg time="2026-06-20T23:02:41.659118" level="INFO">{'acceptDownloads': True, 'bypassCSP': False, 'forcedColors': 'none', 'ignoreHTTPSErrors': False, 'javaScriptEnabled': True, 'offline': False, 'reducedMotion': 'no-preference', 'serviceWorkers': 'allow', 'viewport': {'width': 1280, 'height': 720}}</msg>
<tag>BrowserControl</tag>
<tag>Setter</tag>
<doc>Create a new BrowserContext with specified options.</doc>
<status status="PASS" start="2026-06-20T23:02:41.651767" elapsed="0.007436"/>
</kw>
<kw name="New Page" owner="Browser">
<msg time="2026-06-20T23:02:42.216512" level="INFO">Successfully initialized new page object and opened url: https://practicetestautomation.com/practice-test-login/</msg>
<arg>${BASE_URL}</arg>
<tag>BrowserControl</tag>
<tag>Setter</tag>
<doc>Open a new Page.</doc>
<status status="PASS" start="2026-06-20T23:02:41.659507" elapsed="0.557176"/>
</kw>
<doc>開啟瀏覽器並導向登入頁面</doc>
<status status="PASS" start="2026-06-20T23:02:41.592839" elapsed="0.623947"/>
</kw>
<kw name="Fill Text" owner="Browser">
<msg time="2026-06-20T23:02:42.217526" level="INFO">Fills the text 'wronguser' in the given field.</msg>
<arg>id=username</arg>
<arg>${username}</arg>
<tag>PageContent</tag>
<tag>Setter</tag>
<doc>Clears and fills the given ``txt`` into the text field found by ``selector``.</doc>
<status status="PASS" start="2026-06-20T23:02:42.216955" elapsed="0.022159"/>
</kw>
<kw name="Fill Text" owner="Browser">
<msg time="2026-06-20T23:02:42.240038" level="INFO">Fills the text 'Password123' in the given field.</msg>
<arg>id=password</arg>
<arg>${password}</arg>
<tag>PageContent</tag>
<tag>Setter</tag>
<doc>Clears and fills the given ``txt`` into the text field found by ``selector``.</doc>
<status status="PASS" start="2026-06-20T23:02:42.239360" elapsed="0.008247"/>
</kw>
<kw name="Click" owner="Browser">
<msg time="2026-06-20T23:02:42.248274" level="INFO">Clicks the element 'id=submit'.</msg>
<arg>id=submit</arg>
<tag>PageContent</tag>
<tag>Setter</tag>
<doc>Simulates mouse click on the element found by ``selector``.</doc>
<status status="PASS" start="2026-06-20T23:02:42.247835" elapsed="0.039874"/>
</kw>
<arg>${WRONG_USER}</arg>
<arg>${PASSWORD}</arg>
<doc>填寫登入表單並送出</doc>
<status status="PASS" start="2026-06-20T23:02:41.592339" elapsed="0.695478"/>
</kw>
<kw name="Wait For Elements State" owner="Browser">
<msg time="2026-06-20T23:02:42.291969" level="INFO">Waited for Element with selector id=error at state visible</msg>
<arg>id=error</arg>
<arg>visible</arg>
<tag>PageContent</tag>
<tag>Wait</tag>
<doc>Waits for the element found by ``selector`` to satisfy state option.</doc>
<status status="PASS" start="2026-06-20T23:02:42.287938" elapsed="0.004150"/>
</kw>
<kw name="Get Text" owner="Browser">
<msg time="2026-06-20T23:02:42.311649" level="INFO">Text: ['Your username is invalid!']</msg>
<arg>id=error</arg>
<arg>==</arg>
<arg>Your username is invalid!</arg>
<tag>Assertion</tag>
<tag>Getter</tag>
<tag>PageContent</tag>
<doc>Returns text attribute of the element found by ``selector``.</doc>
<status status="PASS" start="2026-06-20T23:02:42.292227" elapsed="0.019520"/>
</kw>
<kw name="Close Login Page" type="TEARDOWN">
<kw name="Close Browser" owner="Browser">
<msg time="2026-06-20T23:02:42.361691" level="INFO">Closed browser</msg>
<tag>BrowserControl</tag>
<tag>Setter</tag>
<doc>Closes the current browser.</doc>
<status status="PASS" start="2026-06-20T23:02:42.312270" elapsed="0.049555"/>
</kw>
<doc>關閉瀏覽器</doc>
<status status="PASS" start="2026-06-20T23:02:42.311987" elapsed="0.049924"/>
</kw>
<doc>使用錯誤帳號登入，驗證頁面顯示帳號錯誤提示</doc>
<tag>login</tag>
<tag>negative</tag>
<status status="PASS" start="2026-06-20T23:02:41.589062" elapsed="0.772898"/>
</test>
<test id="s1-t3" name="TC03 - 錯誤密碼登入失敗" line="28">
<kw name="Fill In Login Form">
<kw name="Open Login Page">
<kw name="New Browser" owner="Browser">
<msg time="2026-06-20T23:02:42.369870" level="INFO">{"browser": "chromium", "headless": true, "chromiumSandbox": false, "devtools": false, "handleSIGHUP": true, "handleSIGINT": true, "handleSIGTERM": true, "slowMo": 0.0, "timeout": 30000.0, "tracesDir": "C:\\Users\\mark\\AppData\\Local\\Temp\\tmptiwl61qa\\browser\\traces\\temp\\30db9b8b-4969-4b09-8730-ee4a9741582b"}</msg>
<msg time="2026-06-20T23:02:42.427055" level="INFO">Successfully created browser with options: {"browser":"chromium","headless":true,"chromiumSandbox":false,"devtools":false,"handleSIGHUP":true,"handleSIGINT":true,"handleSIGTERM":true,"slowMo":0,"timeout":30000,"tracesDir":"C:\\Users\\mark\\AppData\\Local\\Temp\\tmptiwl61qa\\browser\\traces\\temp\\30db9b8b-4969-4b09-8730-ee4a9741582b"}</msg>
<arg>chromium</arg>
<arg>headless=True</arg>
<tag>BrowserControl</tag>
<tag>Setter</tag>
<doc>Create a new playwright Browser with specified options.</doc>
<status status="PASS" start="2026-06-20T23:02:42.369346" elapsed="0.057974"/>
</kw>
<kw name="New Context" owner="Browser">
<msg time="2026-06-20T23:02:42.428877" level="INFO">{
  "acceptDownloads": true,
  "bypassCSP": false,
  "forcedColors": "none",
  "ignoreHTTPSErrors": false,
  "javaScriptEnabled": true,
  "offline": false,
  "reducedMotion": "no-preference",
  "serviceWorkers": "allow",
  "viewport": {
    "width": 1280,
    "height": 720
  }
}</msg>
<msg time="2026-06-20T23:02:42.434780" level="INFO">Successfully created context. </msg>
<msg time="2026-06-20T23:02:42.434880" level="INFO">{'acceptDownloads': True, 'bypassCSP': False, 'forcedColors': 'none', 'ignoreHTTPSErrors': False, 'javaScriptEnabled': True, 'offline': False, 'reducedMotion': 'no-preference', 'serviceWorkers': 'allow', 'viewport': {'width': 1280, 'height': 720}}</msg>
<tag>BrowserControl</tag>
<tag>Setter</tag>
<doc>Create a new BrowserContext with specified options.</doc>
<status status="PASS" start="2026-06-20T23:02:42.427575" elapsed="0.007411"/>
</kw>
<kw name="New Page" owner="Browser">
<msg time="2026-06-20T23:02:43.010535" level="INFO">Successfully initialized new page object and opened url: https://practicetestautomation.com/practice-test-login/</msg>
<arg>${BASE_URL}</arg>
<tag>BrowserControl</tag>
<tag>Setter</tag>
<doc>Open a new Page.</doc>
<status status="PASS" start="2026-06-20T23:02:42.435203" elapsed="0.575511"/>
</kw>
<doc>開啟瀏覽器並導向登入頁面</doc>
<status status="PASS" start="2026-06-20T23:02:42.369126" elapsed="0.641709"/>
</kw>
<kw name="Fill Text" owner="Browser">
<msg time="2026-06-20T23:02:43.011512" level="INFO">Fills the text 'student' in the given field.</msg>
<arg>id=username</arg>
<arg>${username}</arg>
<tag>PageContent</tag>
<tag>Setter</tag>
<doc>Clears and fills the given ``txt`` into the text field found by ``selector``.</doc>
<status status="PASS" start="2026-06-20T23:02:43.011017" elapsed="0.021694"/>
</kw>
<kw name="Fill Text" owner="Browser">
<msg time="2026-06-20T23:02:43.033281" level="INFO">Fills the text 'wrongpassword' in the given field.</msg>
<arg>id=password</arg>
<arg>${password}</arg>
<tag>PageContent</tag>
<tag>Setter</tag>
<doc>Clears and fills the given ``txt`` into the text field found by ``selector``.</doc>
<status status="PASS" start="2026-06-20T23:02:43.032863" elapsed="0.006485"/>
</kw>
<kw name="Click" owner="Browser">
<msg time="2026-06-20T23:02:43.039881" level="INFO">Clicks the element 'id=submit'.</msg>
<arg>id=submit</arg>
<tag>PageContent</tag>
<tag>Setter</tag>
<doc>Simulates mouse click on the element found by ``selector``.</doc>
<status status="PASS" start="2026-06-20T23:02:43.039501" elapsed="0.042846"/>
</kw>
<arg>${USERNAME}</arg>
<arg>${WRONG_PASS}</arg>
<doc>填寫登入表單並送出</doc>
<status status="PASS" start="2026-06-20T23:02:42.368766" elapsed="0.713683"/>
</kw>
<kw name="Wait For Elements State" owner="Browser">
<msg time="2026-06-20T23:02:43.087423" level="INFO">Waited for Element with selector id=error at state visible</msg>
<arg>id=error</arg>
<arg>visible</arg>
<tag>PageContent</tag>
<tag>Wait</tag>
<doc>Waits for the element found by ``selector`` to satisfy state option.</doc>
<status status="PASS" start="2026-06-20T23:02:43.082570" elapsed="0.005108"/>
</kw>
<kw name="Get Text" owner="Browser">
<msg time="2026-06-20T23:02:43.106226" level="INFO">Text: ['Your password is invalid!']</msg>
<arg>id=error</arg>
<arg>==</arg>
<arg>Your password is invalid!</arg>
<tag>Assertion</tag>
<tag>Getter</tag>
<tag>PageContent</tag>
<doc>Returns text attribute of the element found by ``selector``.</doc>
<status status="PASS" start="2026-06-20T23:02:43.087905" elapsed="0.018478"/>
</kw>
<kw name="Close Login Page" type="TEARDOWN">
<kw name="Close Browser" owner="Browser">
<msg time="2026-06-20T23:02:43.160483" level="INFO">Closed browser</msg>
<tag>BrowserControl</tag>
<tag>Setter</tag>
<doc>Closes the current browser.</doc>
<status status="PASS" start="2026-06-20T23:02:43.107266" elapsed="0.053352"/>
</kw>
<doc>關閉瀏覽器</doc>
<status status="PASS" start="2026-06-20T23:02:43.106865" elapsed="0.053876"/>
</kw>
<doc>使用錯誤密碼登入，驗證頁面顯示密碼錯誤提示</doc>
<tag>login</tag>
<tag>negative</tag>
<status status="PASS" start="2026-06-20T23:02:42.365783" elapsed="0.795029"/>
</test>
<status status="PASS" start="2026-06-20T23:02:38.422631" elapsed="4.742855"/>
</suite>
<statistics>
<total>
<stat pass="3" fail="0" skip="0">All Tests</stat>
</total>
<tag>
<stat pass="3" fail="0" skip="0">login</stat>
<stat pass="2" fail="0" skip="0">negative</stat>
<stat pass="1" fail="0" skip="0">positive</stat>
</tag>
<suite>
<stat name="Test" id="s1" pass="3" fail="0" skip="0">Test</stat>
</suite>
</statistics>
<errors>
</errors>
</robot>
