<?xml version="1.0" encoding="UTF-8"?>
<robot generator="Robot 7.4.2 (Python 3.13.1 on win32)" generated="2026-07-11T17:23:25.007146" rpa="false" schemaversion="5">
<suite id="s1" name="Test" source="C:\Users\mark\AppData\Local\Temp\tmpgaocx1on\test.robot">
<kw name="Open Login Page" type="SETUP">
<kw name="New Browser" owner="Browser">
<msg time="2026-07-11T17:23:25.263483" level="INFO">{"browser": "chromium", "headless": true, "chromiumSandbox": false, "devtools": false, "handleSIGHUP": true, "handleSIGINT": true, "handleSIGTERM": true, "slowMo": 0.0, "timeout": 30000.0, "tracesDir": "C:\\Users\\mark\\AppData\\Local\\Temp\\tmpgaocx1on\\browser\\traces\\temp\\329f52f9-0895-4a68-b387-e21e4276835c"}</msg>
<msg time="2026-07-11T17:23:25.288021" level="INFO">Starting Browser process C:\Users\mark\Desktop\Automatic_Test\backend\.venv\Lib\site-packages\Browser\wrapper\index.js using at 127.0.0.1:63921</msg>
<msg time="2026-07-11T17:23:26.406837" level="INFO">Successfully created browser with options: {"browser":"chromium","headless":true,"chromiumSandbox":false,"devtools":false,"handleSIGHUP":true,"handleSIGINT":true,"handleSIGTERM":true,"slowMo":0,"timeout":30000,"tracesDir":"C:\\Users\\mark\\AppData\\Local\\Temp\\tmpgaocx1on\\browser\\traces\\temp\\329f52f9-0895-4a68-b387-e21e4276835c"}</msg>
<arg>chromium</arg>
<arg>headless=True</arg>
<tag>BrowserControl</tag>
<tag>Setter</tag>
<doc>Create a new playwright Browser with specified options.</doc>
<status status="PASS" start="2026-07-11T17:23:25.262843" elapsed="1.144279"/>
</kw>
<kw name="New Context" owner="Browser">
<msg time="2026-07-11T17:23:26.409215" level="INFO">{
  "acceptDownloads": true,
  "bypassCSP": false,
  "forcedColors": "none",
  "ignoreHTTPSErrors": false,
  "javaScriptEnabled": true,
  "offline": false,
  "reducedMotion": "no-preference",
  "serviceWorkers": "allow",
  "viewport": {
    "width": 1280,
    "height": 720
  }
}</msg>
<msg time="2026-07-11T17:23:26.421093" level="INFO">Successfully created context. </msg>
<msg time="2026-07-11T17:23:26.421166" level="INFO">{'acceptDownloads': True, 'bypassCSP': False, 'forcedColors': 'none', 'ignoreHTTPSErrors': False, 'javaScriptEnabled': True, 'offline': False, 'reducedMotion': 'no-preference', 'serviceWorkers': 'allow', 'viewport': {'width': 1280, 'height': 720}}</msg>
<tag>BrowserControl</tag>
<tag>Setter</tag>
<doc>Create a new BrowserContext with specified options.</doc>
<status status="PASS" start="2026-07-11T17:23:26.407455" elapsed="0.013811"/>
</kw>
<kw name="New Page" owner="Browser">
<msg time="2026-07-11T17:23:27.393846" level="INFO">Successfully initialized new page object and opened url: https://mma.sinopac.com/MemberPortal/Member/NextWebLogin.aspx</msg>
<arg>${BASE_URL}</arg>
<tag>BrowserControl</tag>
<tag>Setter</tag>
<doc>Open a new Page.</doc>
<status status="PASS" start="2026-07-11T17:23:26.421425" elapsed="0.972574"/>
</kw>
<status status="PASS" start="2026-07-11T17:23:25.262312" elapsed="2.131782"/>
</kw>
<test id="s1-t1" name="TC-001 正常登入成功" line="15">
<kw name="Navigate To Login Page" type="SETUP">
<kw name="New Browser" owner="Browser">
<msg time="2026-07-11T17:23:27.404621" level="INFO">Switching browser to browser=56f188ac-a74c-42b5-b701-7dfa030f601c</msg>
<msg time="2026-07-11T17:23:27.407105" level="INFO">Successfully changed active browser: browser=56f188ac-a74c-42b5-b701-7dfa030f601c</msg>
<msg time="2026-07-11T17:23:27.407173" level="INFO">Reusing existing browser with id: browser=56f188ac-a74c-42b5-b701-7dfa030f601c</msg>
<arg>chromium</arg>
<arg>headless=True</arg>
<tag>BrowserControl</tag>
<tag>Setter</tag>
<doc>Create a new playwright Browser with specified options.</doc>
<status status="PASS" start="2026-07-11T17:23:27.404212" elapsed="0.003010"/>
</kw>
<kw name="New Context" owner="Browser">
<msg time="2026-07-11T17:23:27.408245" level="INFO">{
  "acceptDownloads": true,
  "bypassCSP": false,
  "forcedColors": "none",
  "ignoreHTTPSErrors": false,
  "javaScriptEnabled": true,
  "offline": false,
  "reducedMotion": "no-preference",
  "serviceWorkers": "allow",
  "viewport": {
    "width": 1280,
    "height": 720
  }
}</msg>
<msg time="2026-07-11T17:23:27.412505" level="INFO">Successfully created context. </msg>
<msg time="2026-07-11T17:23:27.412590" level="INFO">{'acceptDownloads': True, 'bypassCSP': False, 'forcedColors': 'none', 'ignoreHTTPSErrors': False, 'javaScriptEnabled': True, 'offline': False, 'reducedMotion': 'no-preference', 'serviceWorkers': 'allow', 'viewport': {'width': 1280, 'height': 720}}</msg>
<tag>BrowserControl</tag>
<tag>Setter</tag>
<doc>Create a new BrowserContext with specified options.</doc>
<status status="PASS" start="2026-07-11T17:23:27.407343" elapsed="0.005353"/>
</kw>
<kw name="New Page" owner="Browser">
<msg time="2026-07-11T17:23:30.120738" level="INFO">Successfully initialized new page object and opened url: https://mma.sinopac.com/MemberPortal/Member/NextWebLogin.aspx</msg>
<arg>${BASE_URL}</arg>
<tag>BrowserControl</tag>
<tag>Setter</tag>
<doc>Open a new Page.</doc>
<status status="PASS" start="2026-07-11T17:23:27.412834" elapsed="2.708083"/>
</kw>
<status status="PASS" start="2026-07-11T17:23:27.403847" elapsed="2.717170"/>
</kw>
<kw name="Fill Text" owner="Browser">
<msg time="2026-07-11T17:23:30.121632" level="INFO">Fills the text 'A128514133' in the given field.</msg>
<msg time="2026-07-11T17:23:40.261327" level="INFO" html="true">&lt;/td&gt;&lt;/tr&gt;&lt;tr&gt;&lt;td colspan="3"&gt;&lt;a href="browser/screenshot/fail-screenshot-1.png" target="_blank"&gt;&lt;img src="browser/screenshot/fail-screenshot-1.png" width="800px"/&gt;&lt;/a&gt;</msg>
<msg time="2026-07-11T17:23:40.261439" level="INFO">See also file:///C:/Users/mark/AppData/Local/Temp/tmpgaocx1on/playwright-log.txt for additional details.</msg>
<msg time="2026-07-11T17:23:40.261715" level="FAIL">TimeoutError: locator.fill: Timeout 10000ms exceeded.
Call log:
  - waiting for locator('id=ContentPlaceHolder1_txtIDNo')
</msg>
<arg>id=ContentPlaceHolder1_txtIDNo</arg>
<arg>${ID_NUMBER}</arg>
<tag>PageContent</tag>
<tag>Setter</tag>
<doc>Clears and fills the given ``txt`` into the text field found by ``selector``.</doc>
<status status="FAIL" start="2026-07-11T17:23:30.121142" elapsed="10.144168">TimeoutError: locator.fill: Timeout 10000ms exceeded.
Call log:
  - waiting for locator('id=ContentPlaceHolder1_txtIDNo')
</status>
</kw>
<kw name="Fill Text" owner="Browser">
<arg>id=ContentPlaceHolder1_txtUserID</arg>
<arg>${USER_ID}</arg>
<tag>PageContent</tag>
<tag>Setter</tag>
<doc>Clears and fills the given ``txt`` into the text field found by ``selector``.</doc>
<status status="NOT RUN" start="2026-07-11T17:23:40.265466" elapsed="0.000079"/>
</kw>
<kw name="Fill Text" owner="Browser">
<arg>id=ContentPlaceHolder1_txtPassword</arg>
<arg>${PASSWORD}</arg>
<tag>PageContent</tag>
<tag>Setter</tag>
<doc>Clears and fills the given ``txt`` into the text field found by ``selector``.</doc>
<status status="NOT RUN" start="2026-07-11T17:23:40.265639" elapsed="0.000059"/>
</kw>
<kw name="處理圖形驗證碼（如存在）">
<doc>若頁面存在圖形驗證碼，截圖後以 Claude Vision 辨識並填入</doc>
<status status="NOT RUN" start="2026-07-11T17:23:40.265899" elapsed="0.000066"/>
</kw>
<kw name="Click" owner="Browser">
<arg>id=ContentPlaceHolder1_btnLogin</arg>
<tag>PageContent</tag>
<tag>Setter</tag>
<doc>Simulates mouse click on the element found by ``selector``.</doc>
<status status="NOT RUN" start="2026-07-11T17:23:40.266049" elapsed="0.000057"/>
</kw>
<kw name="Wait For Elements State" owner="Browser">
<arg>role=heading</arg>
<arg>visible</arg>
<arg>timeout=10s</arg>
<tag>PageContent</tag>
<tag>Wait</tag>
<doc>Waits for the element found by ``selector`` to satisfy state option.</doc>
<status status="NOT RUN" start="2026-07-11T17:23:40.266196" elapsed="0.000059"/>
</kw>
<kw name="Close Browser" owner="Browser" type="TEARDOWN">
<msg time="2026-07-11T17:23:40.329248" level="INFO">Closed browser</msg>
<tag>BrowserControl</tag>
<tag>Setter</tag>
<doc>Closes the current browser.</doc>
<status status="PASS" start="2026-07-11T17:23:40.266442" elapsed="0.062958"/>
</kw>
<doc>使用有效的身分證字號、使用者代號與密碼進行登入，驗證成功進入會員首頁</doc>
<tag>login</tag>
<tag>smoke</tag>
<tag>TC-001</tag>
<status status="FAIL" start="2026-07-11T17:23:27.394206" elapsed="12.935403">TimeoutError: locator.fill: Timeout 10000ms exceeded.
Call log:
  - waiting for locator('id=ContentPlaceHolder1_txtIDNo')
</status>
</test>
<kw name="Close Browser" owner="Browser" type="TEARDOWN">
<msg time="2026-07-11T17:23:40.336365" level="INFO">No browser open, doing nothing</msg>
<tag>BrowserControl</tag>
<tag>Setter</tag>
<doc>Closes the current browser.</doc>
<status status="PASS" start="2026-07-11T17:23:40.334296" elapsed="0.002175"/>
</kw>
<status status="FAIL" start="2026-07-11T17:23:25.008317" elapsed="15.328218"/>
</suite>
<statistics>
<total>
<stat pass="0" fail="1" skip="0">All Tests</stat>
</total>
<tag>
<stat pass="0" fail="1" skip="0">login</stat>
<stat pass="0" fail="1" skip="0">smoke</stat>
<stat pass="0" fail="1" skip="0">TC-001</stat>
</tag>
<suite>
<stat name="Test" id="s1" pass="0" fail="1" skip="0">Test</stat>
</suite>
</statistics>
<errors>
<msg time="2026-07-11T17:23:25.261067" level="ERROR">Error in file 'C:\Users\mark\AppData\Local\Temp\tmpgaocx1on\test.robot' on line 3: Library 'C:\Users\mark\AppData\Local\Temp\libs\CaptchaSolverLibrary.py' does not exist.</msg>
</errors>
</robot>
