<?xml version="1.0" encoding="UTF-8"?>
<robot generator="Robot 7.4.2 (Python 3.13.1 on win32)" generated="2026-07-04T12:29:39.043110" rpa="false" schemaversion="5">
<suite id="s1" name="Test" source="C:\Users\mark\AppData\Local\Temp\tmp0yjarvgu\test.robot">
<kw name="Open Login Page" type="SETUP">
<kw name="New Browser" owner="Browser">
<msg time="2026-07-04T12:29:39.419093" level="INFO">{"browser": "chromium", "headless": true, "chromiumSandbox": false, "devtools": false, "handleSIGHUP": true, "handleSIGINT": true, "handleSIGTERM": true, "slowMo": 0.0, "timeout": 30000.0, "tracesDir": "C:\\Users\\mark\\AppData\\Local\\Temp\\tmp0yjarvgu\\browser\\traces\\temp\\dea74beb-3221-45b2-87c0-980cb6e4758a"}</msg>
<msg time="2026-07-04T12:29:39.452149" level="INFO">Starting Browser process C:\Users\mark\Desktop\AI_Auto_test\automatic_test\backend\.venv\Lib\site-packages\Browser\wrapper\index.js using at 127.0.0.1:65316</msg>
<msg time="2026-07-04T12:29:41.318635" level="INFO">Successfully created browser with options: {"browser":"chromium","headless":true,"chromiumSandbox":false,"devtools":false,"handleSIGHUP":true,"handleSIGINT":true,"handleSIGTERM":true,"slowMo":0,"timeout":30000,"tracesDir":"C:\\Users\\mark\\AppData\\Local\\Temp\\tmp0yjarvgu\\browser\\traces\\temp\\dea74beb-3221-45b2-87c0-980cb6e4758a"}</msg>
<arg>chromium</arg>
<arg>headless=True</arg>
<tag>BrowserControl</tag>
<tag>Setter</tag>
<doc>Create a new playwright Browser with specified options.</doc>
<status status="PASS" start="2026-07-04T12:29:39.418532" elapsed="1.900273"/>
</kw>
<kw name="New Context" owner="Browser">
<msg time="2026-07-04T12:29:41.320408" level="INFO">{
  "acceptDownloads": true,
  "bypassCSP": false,
  "forcedColors": "none",
  "ignoreHTTPSErrors": false,
  "javaScriptEnabled": true,
  "offline": false,
  "reducedMotion": "no-preference",
  "serviceWorkers": "allow",
  "viewport": {
    "width": 1280,
    "height": 720
  }
}</msg>
<msg time="2026-07-04T12:29:41.337582" level="INFO">Successfully created context. </msg>
<msg time="2026-07-04T12:29:41.337663" level="INFO">{'acceptDownloads': True, 'bypassCSP': False, 'forcedColors': 'none', 'ignoreHTTPSErrors': False, 'javaScriptEnabled': True, 'offline': False, 'reducedMotion': 'no-preference', 'serviceWorkers': 'allow', 'viewport': {'width': 1280, 'height': 720}}</msg>
<tag>BrowserControl</tag>
<tag>Setter</tag>
<doc>Create a new BrowserContext with specified options.</doc>
<status status="PASS" start="2026-07-04T12:29:41.319007" elapsed="0.019024"/>
</kw>
<kw name="New Page" owner="Browser">
<msg time="2026-07-04T12:29:42.412031" level="INFO">Successfully initialized new page object and opened url: https://mma.sinopac.com/MemberPortal/Member/NextWebLogin.aspx</msg>
<arg>${BASE_URL}</arg>
<tag>BrowserControl</tag>
<tag>Setter</tag>
<doc>Open a new Page.</doc>
<status status="PASS" start="2026-07-04T12:29:41.338233" elapsed="1.073963"/>
</kw>
<status status="PASS" start="2026-07-04T12:29:39.418033" elapsed="2.994264"/>
</kw>
<test id="s1-t1" name="TC01 正常登入成功" line="20">
<kw name="Wait For Elements State" owner="Browser">
<msg time="2026-07-04T12:29:52.556817" level="INFO" html="true">&lt;/td&gt;&lt;/tr&gt;&lt;tr&gt;&lt;td colspan="3"&gt;&lt;a href="browser/screenshot/fail-screenshot-1.png" target="_blank"&gt;&lt;img src="browser/screenshot/fail-screenshot-1.png" width="800px"/&gt;&lt;/a&gt;</msg>
<msg time="2026-07-04T12:29:52.556937" level="INFO">See also file:///C:/Users/mark/AppData/Local/Temp/tmp0yjarvgu/playwright-log.txt for additional details.</msg>
<msg time="2026-07-04T12:29:52.557245" level="FAIL">TimeoutError: locator.waitFor: Timeout 10000ms exceeded.
Call log:
  - waiting for locator('id=ContentPlaceHolder1_txtIDNo') to be visible
</msg>
<arg>id=ContentPlaceHolder1_txtIDNo</arg>
<arg>visible</arg>
<arg>timeout=10s</arg>
<tag>PageContent</tag>
<tag>Wait</tag>
<doc>Waits for the element found by ``selector`` to satisfy state option.</doc>
<status status="FAIL" start="2026-07-04T12:29:42.423886" elapsed="10.202912">TimeoutError: locator.waitFor: Timeout 10000ms exceeded.
Call log:
  - waiting for locator('id=ContentPlaceHolder1_txtIDNo') to be visible
</status>
</kw>
<kw name="Fill Text" owner="Browser">
<arg>id=ContentPlaceHolder1_txtIDNo</arg>
<arg>${ID_NUMBER}</arg>
<tag>PageContent</tag>
<tag>Setter</tag>
<doc>Clears and fills the given ``txt`` into the text field found by ``selector``.</doc>
<status status="NOT RUN" start="2026-07-04T12:29:52.626968" elapsed="0.000089"/>
</kw>
<kw name="Fill Text" owner="Browser">
<arg>id=ContentPlaceHolder1_txtMemberID</arg>
<arg>${USERNAME}</arg>
<tag>PageContent</tag>
<tag>Setter</tag>
<doc>Clears and fills the given ``txt`` into the text field found by ``selector``.</doc>
<status status="NOT RUN" start="2026-07-04T12:29:52.627154" elapsed="0.000062"/>
</kw>
<kw name="Fill Text" owner="Browser">
<arg>id=ContentPlaceHolder1_txtPassword</arg>
<arg>${PASSWORD}</arg>
<tag>PageContent</tag>
<tag>Setter</tag>
<doc>Clears and fills the given ``txt`` into the text field found by ``selector``.</doc>
<status status="NOT RUN" start="2026-07-04T12:29:52.627306" elapsed="0.000059"/>
</kw>
<kw name="Click" owner="Browser">
<arg>id=ContentPlaceHolder1_btnLogin</arg>
<tag>PageContent</tag>
<tag>Setter</tag>
<doc>Simulates mouse click on the element found by ``selector``.</doc>
<status status="NOT RUN" start="2026-07-04T12:29:52.627455" elapsed="0.000059"/>
</kw>
<kw name="Wait For Elements State" owner="Browser">
<arg>id=ContentPlaceHolder1_lblWelcome</arg>
<arg>visible</arg>
<arg>timeout=15s</arg>
<tag>PageContent</tag>
<tag>Wait</tag>
<doc>Waits for the element found by ``selector`` to satisfy state option.</doc>
<status status="NOT RUN" start="2026-07-04T12:29:52.627603" elapsed="0.000059"/>
</kw>
<doc>使用有效的身分證字號、使用者代碼與網路密碼進行登入，驗證成功進入會員頁面</doc>
<tag>login</tag>
<tag>positive</tag>
<tag>smoke</tag>
<status status="FAIL" start="2026-07-04T12:29:42.412399" elapsed="10.215415">TimeoutError: locator.waitFor: Timeout 10000ms exceeded.
Call log:
  - waiting for locator('id=ContentPlaceHolder1_txtIDNo') to be visible
</status>
</test>
<kw name="Close Browser" owner="Browser" type="TEARDOWN">
<msg time="2026-07-04T12:29:52.708209" level="INFO">Closed browser</msg>
<tag>BrowserControl</tag>
<tag>Setter</tag>
<doc>Closes the current browser.</doc>
<status status="PASS" start="2026-07-04T12:29:52.636737" elapsed="0.071623"/>
</kw>
<status status="FAIL" start="2026-07-04T12:29:39.044187" elapsed="13.664246"/>
</suite>
<statistics>
<total>
<stat pass="0" fail="1" skip="0">All Tests</stat>
</total>
<tag>
<stat pass="0" fail="1" skip="0">login</stat>
<stat pass="0" fail="1" skip="0">positive</stat>
<stat pass="0" fail="1" skip="0">smoke</stat>
</tag>
<suite>
<stat name="Test" id="s1" pass="0" fail="1" skip="0">Test</stat>
</suite>
</statistics>
<errors>
</errors>
</robot>
